<?xml version="1.0" encoding="UTF-8"?>
<!-- Generated by org.testng.reporters.JUnitReportReporter -->
<testsuite hostname="HP" failures="0" tests="1" name="com.MBS.CleanseMatchData.CleanseMatchTest" time="0.022" errors="0" timestamp="07 May 2021 06:50:41 GMT" skipped="0">
  <testcase classname="com.MBS.CleanseMatchData.CleanseMatchTest" name="call" time="0.022"/>
</testsuite> <!-- com.MBS.CleanseMatchData.CleanseMatchTest -->
