<?xml version="1.0" encoding="UTF-8"?>
<!-- Generated by org.testng.reporters.JUnitReportReporter -->
<testsuite hostname="HP" failures="0" tests="2" name="com.MBS.Login.LoginIndex" time="51.706" errors="0" timestamp="08 May 2021 11:58:35 GMT" skipped="0">
  <testcase classname="com.MBS.Login.LoginIndex" name="logout" time="17.756"/>
  <testcase classname="com.MBS.Login.LoginIndex" name="loginandlogout" time="33.950"/>
</testsuite> <!-- com.MBS.Login.LoginIndex -->
