<?xml version="1.0" encoding="UTF-8"?>
<!-- Generated by org.testng.reporters.JUnitReportReporter -->
<testsuite hostname="HP" failures="0" tests="1" name="com.MBS.DataStewardship.RealTimeApisIndex" time="41.203" errors="0" timestamp="08 May 2021 11:58:35 GMT" skipped="0">
  <testcase classname="com.MBS.DataStewardship.RealTimeApisIndex" name="testDara" time="41.203"/>
</testsuite> <!-- com.MBS.DataStewardship.RealTimeApisIndex -->
