<?xml version="1.0" encoding="UTF-8"?>
<!-- Generated by org.testng.reporters.JUnitReportReporter -->
<testsuite hostname="HP" failures="0" tests="1" name="com.MBS.CleanseMatchData.GetTokenTest" time="4.923" errors="0" timestamp="07 May 2021 12:28:45 GMT" skipped="0">
  <testcase classname="com.MBS.CleanseMatchData.GetTokenTest" name="generateToken" time="4.923"/>
</testsuite> <!-- com.MBS.CleanseMatchData.GetTokenTest -->
